<?xml version="1.0" encoding="UTF-8"?>
<!-- Generated by org.testng.reporters.JUnitReportReporter -->
<testsuite skipped="0" hostname="Dell-PC" name="Pack6.LoginOrange" tests="2" failures="0" timestamp="24 Sep 2022 17:46:08 GMT" time="19.265" errors="0">
  <testcase name="verifyUrlTitle" time="10.239" classname="Pack6.LoginOrange"/>
  <testcase name="verifyUrlTitle" time="9.026" classname="Pack6.LoginOrange"/>
</testsuite> <!-- Pack6.LoginOrange -->
